
> swagverses@0.0.1 dev
> vite --host 127.0.0.1 --port 5173


  [32m[1mVITE[22m v5.4.21[39m  [2mready in [0m[1m308[22m[2m[0m ms[22m

  [32m➜[39m  [1mLocal[22m:   [36mhttp://127.0.0.1:[1m5173[22m/[39m
[2m14:04:46[22m [36m[1m[vite][22m[39m [32mhmr update [39m[2m/src/style.css[22m
[2m14:04:46[22m [36m[1m[vite][22m[39m [32mhmr update [39m[2m/src/style.css[22m
[2m14:05:28[22m [36m[1m[vite][22m[39m [32mhmr update [39m[2m/src/main.js[22m
[2m14:05:56[22m [36m[1m[vite][22m[39m [32mhmr update [39m[2m/src/main.js[22m
[2m14:06:38[22m [36m[1m[vite][22m[39m [32mhmr update [39m[2m/src/main.js[22m
[2m14:07:01[22m [36m[1m[vite][22m[39m [32mhmr update [39m[2m/src/main.js[22m
[2m14:07:15[22m [36m[1m[vite][22m[39m [32mhmr update [39m[2m/src/main.js[22m
[2m14:07:24[22m [36m[1m[vite][22m[39m [32mhmr update [39m[2m/src/main.js[22m
[2m14:12:04[22m [36m[1m[vite][22m[39m [32mhmr update [39m[2m/src/style.css[22m
[2m14:14:12[22m [36m[1m[vite][22m[39m [32mhmr update [39m[2m/src/style.css[22m
[2m14:24:34[22m [36m[1m[vite][22m[39m [32mpage reload [39m[2mindex.html[22m
[2m14:24:53[22m [36m[1m[vite][22m[39m [32mhmr update [39m[2m/src/main.js[22m
[2m14:25:05[22m [36m[1m[vite][22m[39m [32mhmr update [39m[2m/src/main.js[22m
[2m14:25:32[22m [36m[1m[vite][22m[39m [32mhmr update [39m[2m/src/main.js[22m
[2m14:25:54[22m [36m[1m[vite][22m[39m [32mhmr update [39m[2m/src/style.css[22m
[2m14:26:05[22m [36m[1m[vite][22m[39m [32mhmr update [39m[2m/src/style.css[22m
[2m14:26:22[22m [36m[1m[vite][22m[39m [32mhmr update [39m[2m/src/style.css[22m
[2m14:26:47[22m [36m[1m[vite][22m[39m [32mpage reload [39m[2madmin.html[22m
[2m14:27:04[22m [36m[1m[vite][22m[39m [32mpage reload [39m[2madmin.html[22m
[2m14:39:37[22m [36m[1m[vite][22m[39m [32mpage reload [39m[2madmin.html[22m
[2m14:40:39[22m [36m[1m[vite][22m[39m [32mpage reload [39m[2madmin.html[22m
[2m14:41:15[22m [36m[1m[vite][22m[39m [32mpage reload [39m[2madmin.js[22m
[2m14:41:42[22m [36m[1m[vite][22m[39m [32mhmr update [39m[2m/src/main.js[22m
[2m14:49:25[22m [36m[1m[vite][22m[39m [32mhmr update [39m[2m/src/main.js[22m
[2m14:49:43[22m [36m[1m[vite][22m[39m [32mhmr update [39m[2m/admin.css?direct[22m
[2m14:50:12[22m [36m[1m[vite][22m[39m [32mpage reload [39m[2madmin.js[22m
[2m14:52:22[22m [36m[1m[vite][22m[39m [32mhmr update [39m[2m/src/main.js[22m
[2m14:52:41[22m [36m[1m[vite][22m[39m [32mhmr update [39m[2m/src/style.css[22m
[2m14:52:55[22m [36m[1m[vite][22m[39m [32mhmr update [39m[2m/src/main.js[22m
